2024-02-03 11:07:19.775 [background-preinit] INFO  org.hibernate.validator.internal.util.Version:21 - HV000001: Hibernate Validator 6.2.5.Final
2024-02-03 11:07:19.792 [main] INFO  org.jeecg.JeecgSystemApplication:55 - Starting JeecgSystemApplication using Java 1.8.0_161 on DESKTOP-6EVUJN0 with PID 5300 (D:\projects\qfy-smart-countryside-v3\smart-countryside-sys\jeecg-module-system\jeecg-system-start\target\classes started by xFc in D:\projects\qfy-smart-countryside-v3\smart-countryside-sys)
2024-02-03 11:07:19.793 [main] INFO  org.jeecg.JeecgSystemApplication:637 - The following 1 profile is active: "dev"
2024-02-03 11:07:22.237 [main] INFO  o.s.d.r.config.RepositoryConfigurationDelegate:262 - Multiple Spring Data modules found, entering strict repository configuration mode
2024-02-03 11:07:22.239 [main] INFO  o.s.d.r.config.RepositoryConfigurationDelegate:132 - Bootstrapping Spring Data Redis repositories in DEFAULT mode.
2024-02-03 11:07:22.329 [main] INFO  o.s.d.r.config.RepositoryConfigurationDelegate:201 - Finished Spring Data repository scanning in 75 ms. Found 0 Redis repository interfaces.
2024-02-03 11:07:22.451 [main] INFO  o.j.minidao.auto.MinidaoAutoConfiguration:23 -  ******************* init miniDao config [ begin ] *********************** 
2024-02-03 11:07:22.451 [main] INFO  o.j.minidao.auto.MinidaoAutoConfiguration:25 -  ------ minidao.base-package ------- org.jeecg.modules.jmreport.*,org.jeecg.modules.drag.*
2024-02-03 11:07:22.452 [main] INFO  o.j.minidao.auto.MinidaoAutoConfiguration:42 -  *******************  init miniDao config  [ end ] *********************** 
2024-02-03 11:07:22.499 [main] WARN  org.mybatis.spring.mapper.ClassPathMapperScanner:44 - Skipping MapperFactoryBean with name 'sysMessageMapper' and 'org.jeecg.modules.message.mapper.SysMessageMapper' mapperInterface. Bean already defined with the same name!
2024-02-03 11:07:22.500 [main] WARN  org.mybatis.spring.mapper.ClassPathMapperScanner:44 - Skipping MapperFactoryBean with name 'sysMessageTemplateMapper' and 'org.jeecg.modules.message.mapper.SysMessageTemplateMapper' mapperInterface. Bean already defined with the same name!
2024-02-03 11:07:22.500 [main] WARN  org.mybatis.spring.mapper.ClassPathMapperScanner:44 - Skipping MapperFactoryBean with name 'ossFileMapper' and 'org.jeecg.modules.oss.mapper.OssFileMapper' mapperInterface. Bean already defined with the same name!
2024-02-03 11:07:22.500 [main] WARN  org.mybatis.spring.mapper.ClassPathMapperScanner:44 - Skipping MapperFactoryBean with name 'quartzJobMapper' and 'org.jeecg.modules.quartz.mapper.QuartzJobMapper' mapperInterface. Bean already defined with the same name!
2024-02-03 11:07:22.500 [main] WARN  org.mybatis.spring.mapper.ClassPathMapperScanner:44 - Skipping MapperFactoryBean with name 'sysAnnouncementMapper' and 'org.jeecg.modules.system.mapper.SysAnnouncementMapper' mapperInterface. Bean already defined with the same name!
2024-02-03 11:07:22.500 [main] WARN  org.mybatis.spring.mapper.ClassPathMapperScanner:44 - Skipping MapperFactoryBean with name 'sysAnnouncementSendMapper' and 'org.jeecg.modules.system.mapper.SysAnnouncementSendMapper' mapperInterface. Bean already defined with the same name!
2024-02-03 11:07:22.500 [main] WARN  org.mybatis.spring.mapper.ClassPathMapperScanner:44 - Skipping MapperFactoryBean with name 'sysCategoryMapper' and 'org.jeecg.modules.system.mapper.SysCategoryMapper' mapperInterface. Bean already defined with the same name!
2024-02-03 11:07:22.500 [main] WARN  org.mybatis.spring.mapper.ClassPathMapperScanner:44 - Skipping MapperFactoryBean with name 'sysCheckRuleMapper' and 'org.jeecg.modules.system.mapper.SysCheckRuleMapper' mapperInterface. Bean already defined with the same name!
2024-02-03 11:07:22.500 [main] WARN  org.mybatis.spring.mapper.ClassPathMapperScanner:44 - Skipping MapperFactoryBean with name 'sysCommentMapper' and 'org.jeecg.modules.system.mapper.SysCommentMapper' mapperInterface. Bean already defined with the same name!
2024-02-03 11:07:22.500 [main] WARN  org.mybatis.spring.mapper.ClassPathMapperScanner:44 - Skipping MapperFactoryBean with name 'sysDataLogMapper' and 'org.jeecg.modules.system.mapper.SysDataLogMapper' mapperInterface. Bean already defined with the same name!
2024-02-03 11:07:22.501 [main] WARN  org.mybatis.spring.mapper.ClassPathMapperScanner:44 - Skipping MapperFactoryBean with name 'sysDataSourceMapper' and 'org.jeecg.modules.system.mapper.SysDataSourceMapper' mapperInterface. Bean already defined with the same name!
2024-02-03 11:07:22.501 [main] WARN  org.mybatis.spring.mapper.ClassPathMapperScanner:44 - Skipping MapperFactoryBean with name 'sysDepartMapper' and 'org.jeecg.modules.system.mapper.SysDepartMapper' mapperInterface. Bean already defined with the same name!
2024-02-03 11:07:22.501 [main] WARN  org.mybatis.spring.mapper.ClassPathMapperScanner:44 - Skipping MapperFactoryBean with name 'sysDepartPermissionMapper' and 'org.jeecg.modules.system.mapper.SysDepartPermissionMapper' mapperInterface. Bean already defined with the same name!
2024-02-03 11:07:22.501 [main] WARN  org.mybatis.spring.mapper.ClassPathMapperScanner:44 - Skipping MapperFactoryBean with name 'sysDepartRoleMapper' and 'org.jeecg.modules.system.mapper.SysDepartRoleMapper' mapperInterface. Bean already defined with the same name!
2024-02-03 11:07:22.501 [main] WARN  org.mybatis.spring.mapper.ClassPathMapperScanner:44 - Skipping MapperFactoryBean with name 'sysDepartRolePermissionMapper' and 'org.jeecg.modules.system.mapper.SysDepartRolePermissionMapper' mapperInterface. Bean already defined with the same name!
2024-02-03 11:07:22.501 [main] WARN  org.mybatis.spring.mapper.ClassPathMapperScanner:44 - Skipping MapperFactoryBean with name 'sysDepartRoleUserMapper' and 'org.jeecg.modules.system.mapper.SysDepartRoleUserMapper' mapperInterface. Bean already defined with the same name!
2024-02-03 11:07:22.501 [main] WARN  org.mybatis.spring.mapper.ClassPathMapperScanner:44 - Skipping MapperFactoryBean with name 'sysDictItemMapper' and 'org.jeecg.modules.system.mapper.SysDictItemMapper' mapperInterface. Bean already defined with the same name!
2024-02-03 11:07:22.501 [main] WARN  org.mybatis.spring.mapper.ClassPathMapperScanner:44 - Skipping MapperFactoryBean with name 'sysDictMapper' and 'org.jeecg.modules.system.mapper.SysDictMapper' mapperInterface. Bean already defined with the same name!
2024-02-03 11:07:22.501 [main] WARN  org.mybatis.spring.mapper.ClassPathMapperScanner:44 - Skipping MapperFactoryBean with name 'sysFilesMapper' and 'org.jeecg.modules.system.mapper.SysFilesMapper' mapperInterface. Bean already defined with the same name!
2024-02-03 11:07:22.501 [main] WARN  org.mybatis.spring.mapper.ClassPathMapperScanner:44 - Skipping MapperFactoryBean with name 'sysFillRuleMapper' and 'org.jeecg.modules.system.mapper.SysFillRuleMapper' mapperInterface. Bean already defined with the same name!
2024-02-03 11:07:22.502 [main] WARN  org.mybatis.spring.mapper.ClassPathMapperScanner:44 - Skipping MapperFactoryBean with name 'sysFormFileMapper' and 'org.jeecg.modules.system.mapper.SysFormFileMapper' mapperInterface. Bean already defined with the same name!
2024-02-03 11:07:22.502 [main] WARN  org.mybatis.spring.mapper.ClassPathMapperScanner:44 - Skipping MapperFactoryBean with name 'sysGatewayRouteMapper' and 'org.jeecg.modules.system.mapper.SysGatewayRouteMapper' mapperInterface. Bean already defined with the same name!
2024-02-03 11:07:22.502 [main] WARN  org.mybatis.spring.mapper.ClassPathMapperScanner:44 - Skipping MapperFactoryBean with name 'sysLogMapper' and 'org.jeecg.modules.system.mapper.SysLogMapper' mapperInterface. Bean already defined with the same name!
2024-02-03 11:07:22.502 [main] WARN  org.mybatis.spring.mapper.ClassPathMapperScanner:44 - Skipping MapperFactoryBean with name 'sysPackPermissionMapper' and 'org.jeecg.modules.system.mapper.SysPackPermissionMapper' mapperInterface. Bean already defined with the same name!
2024-02-03 11:07:22.502 [main] WARN  org.mybatis.spring.mapper.ClassPathMapperScanner:44 - Skipping MapperFactoryBean with name 'sysPermissionDataRuleMapper' and 'org.jeecg.modules.system.mapper.SysPermissionDataRuleMapper' mapperInterface. Bean already defined with the same name!
2024-02-03 11:07:22.502 [main] WARN  org.mybatis.spring.mapper.ClassPathMapperScanner:44 - Skipping MapperFactoryBean with name 'sysPermissionMapper' and 'org.jeecg.modules.system.mapper.SysPermissionMapper' mapperInterface. Bean already defined with the same name!
2024-02-03 11:07:22.502 [main] WARN  org.mybatis.spring.mapper.ClassPathMapperScanner:44 - Skipping MapperFactoryBean with name 'sysPositionMapper' and 'org.jeecg.modules.system.mapper.SysPositionMapper' mapperInterface. Bean already defined with the same name!
2024-02-03 11:07:22.502 [main] WARN  org.mybatis.spring.mapper.ClassPathMapperScanner:44 - Skipping MapperFactoryBean with name 'sysRoleIndexMapper' and 'org.jeecg.modules.system.mapper.SysRoleIndexMapper' mapperInterface. Bean already defined with the same name!
2024-02-03 11:07:22.502 [main] WARN  org.mybatis.spring.mapper.ClassPathMapperScanner:44 - Skipping MapperFactoryBean with name 'sysRoleMapper' and 'org.jeecg.modules.system.mapper.SysRoleMapper' mapperInterface. Bean already defined with the same name!
2024-02-03 11:07:22.502 [main] WARN  org.mybatis.spring.mapper.ClassPathMapperScanner:44 - Skipping MapperFactoryBean with name 'sysRolePermissionMapper' and 'org.jeecg.modules.system.mapper.SysRolePermissionMapper' mapperInterface. Bean already defined with the same name!
2024-02-03 11:07:22.502 [main] WARN  org.mybatis.spring.mapper.ClassPathMapperScanner:44 - Skipping MapperFactoryBean with name 'sysTableWhiteListMapper' and 'org.jeecg.modules.system.mapper.SysTableWhiteListMapper' mapperInterface. Bean already defined with the same name!
2024-02-03 11:07:22.503 [main] WARN  org.mybatis.spring.mapper.ClassPathMapperScanner:44 - Skipping MapperFactoryBean with name 'sysTenantMapper' and 'org.jeecg.modules.system.mapper.SysTenantMapper' mapperInterface. Bean already defined with the same name!
2024-02-03 11:07:22.503 [main] WARN  org.mybatis.spring.mapper.ClassPathMapperScanner:44 - Skipping MapperFactoryBean with name 'sysTenantPackMapper' and 'org.jeecg.modules.system.mapper.SysTenantPackMapper' mapperInterface. Bean already defined with the same name!
2024-02-03 11:07:22.503 [main] WARN  org.mybatis.spring.mapper.ClassPathMapperScanner:44 - Skipping MapperFactoryBean with name 'sysTenantPackUserMapper' and 'org.jeecg.modules.system.mapper.SysTenantPackUserMapper' mapperInterface. Bean already defined with the same name!
2024-02-03 11:07:22.503 [main] WARN  org.mybatis.spring.mapper.ClassPathMapperScanner:44 - Skipping MapperFactoryBean with name 'sysThirdAccountMapper' and 'org.jeecg.modules.system.mapper.SysThirdAccountMapper' mapperInterface. Bean already defined with the same name!
2024-02-03 11:07:22.503 [main] WARN  org.mybatis.spring.mapper.ClassPathMapperScanner:44 - Skipping MapperFactoryBean with name 'sysUserAgentMapper' and 'org.jeecg.modules.system.mapper.SysUserAgentMapper' mapperInterface. Bean already defined with the same name!
2024-02-03 11:07:22.503 [main] WARN  org.mybatis.spring.mapper.ClassPathMapperScanner:44 - Skipping MapperFactoryBean with name 'sysUserDepartMapper' and 'org.jeecg.modules.system.mapper.SysUserDepartMapper' mapperInterface. Bean already defined with the same name!
2024-02-03 11:07:22.503 [main] WARN  org.mybatis.spring.mapper.ClassPathMapperScanner:44 - Skipping MapperFactoryBean with name 'sysUserMapper' and 'org.jeecg.modules.system.mapper.SysUserMapper' mapperInterface. Bean already defined with the same name!
2024-02-03 11:07:22.503 [main] WARN  org.mybatis.spring.mapper.ClassPathMapperScanner:44 - Skipping MapperFactoryBean with name 'sysUserPositionMapper' and 'org.jeecg.modules.system.mapper.SysUserPositionMapper' mapperInterface. Bean already defined with the same name!
2024-02-03 11:07:22.503 [main] WARN  org.mybatis.spring.mapper.ClassPathMapperScanner:44 - Skipping MapperFactoryBean with name 'sysUserRoleMapper' and 'org.jeecg.modules.system.mapper.SysUserRoleMapper' mapperInterface. Bean already defined with the same name!
2024-02-03 11:07:22.503 [main] WARN  org.mybatis.spring.mapper.ClassPathMapperScanner:44 - Skipping MapperFactoryBean with name 'sysUserTenantMapper' and 'org.jeecg.modules.system.mapper.SysUserTenantMapper' mapperInterface. Bean already defined with the same name!
2024-02-03 11:07:22.503 [main] WARN  org.mybatis.spring.mapper.ClassPathMapperScanner:44 - Skipping MapperFactoryBean with name 'onlAuthDataMapper' and 'org.jeecg.modules.online.auth.mapper.OnlAuthDataMapper' mapperInterface. Bean already defined with the same name!
2024-02-03 11:07:22.503 [main] WARN  org.mybatis.spring.mapper.ClassPathMapperScanner:44 - Skipping MapperFactoryBean with name 'onlAuthPageMapper' and 'org.jeecg.modules.online.auth.mapper.OnlAuthPageMapper' mapperInterface. Bean already defined with the same name!
2024-02-03 11:07:22.504 [main] WARN  org.mybatis.spring.mapper.ClassPathMapperScanner:44 - Skipping MapperFactoryBean with name 'onlAuthRelationMapper' and 'org.jeecg.modules.online.auth.mapper.OnlAuthRelationMapper' mapperInterface. Bean already defined with the same name!
2024-02-03 11:07:22.504 [main] WARN  org.mybatis.spring.mapper.ClassPathMapperScanner:44 - Skipping MapperFactoryBean with name 'onlCgformButtonMapper' and 'org.jeecg.modules.online.cgform.mapper.OnlCgformButtonMapper' mapperInterface. Bean already defined with the same name!
2024-02-03 11:07:22.504 [main] WARN  org.mybatis.spring.mapper.ClassPathMapperScanner:44 - Skipping MapperFactoryBean with name 'onlCgformEnhanceJavaMapper' and 'org.jeecg.modules.online.cgform.mapper.OnlCgformEnhanceJavaMapper' mapperInterface. Bean already defined with the same name!
2024-02-03 11:07:22.504 [main] WARN  org.mybatis.spring.mapper.ClassPathMapperScanner:44 - Skipping MapperFactoryBean with name 'onlCgformEnhanceJsMapper' and 'org.jeecg.modules.online.cgform.mapper.OnlCgformEnhanceJsMapper' mapperInterface. Bean already defined with the same name!
2024-02-03 11:07:22.504 [main] WARN  org.mybatis.spring.mapper.ClassPathMapperScanner:44 - Skipping MapperFactoryBean with name 'onlCgformEnhanceSqlMapper' and 'org.jeecg.modules.online.cgform.mapper.OnlCgformEnhanceSqlMapper' mapperInterface. Bean already defined with the same name!
2024-02-03 11:07:22.504 [main] WARN  org.mybatis.spring.mapper.ClassPathMapperScanner:44 - Skipping MapperFactoryBean with name 'onlCgformFieldMapper' and 'org.jeecg.modules.online.cgform.mapper.OnlCgformFieldMapper' mapperInterface. Bean already defined with the same name!
2024-02-03 11:07:22.504 [main] WARN  org.mybatis.spring.mapper.ClassPathMapperScanner:44 - Skipping MapperFactoryBean with name 'onlCgformHeadMapper' and 'org.jeecg.modules.online.cgform.mapper.OnlCgformHeadMapper' mapperInterface. Bean already defined with the same name!
2024-02-03 11:07:22.504 [main] WARN  org.mybatis.spring.mapper.ClassPathMapperScanner:44 - Skipping MapperFactoryBean with name 'onlCgformIndexMapper' and 'org.jeecg.modules.online.cgform.mapper.OnlCgformIndexMapper' mapperInterface. Bean already defined with the same name!
2024-02-03 11:07:22.504 [main] WARN  org.mybatis.spring.mapper.ClassPathMapperScanner:44 - Skipping MapperFactoryBean with name 'onlineMapper' and 'org.jeecg.modules.online.cgform.mapper.OnlineMapper' mapperInterface. Bean already defined with the same name!
2024-02-03 11:07:22.504 [main] WARN  org.mybatis.spring.mapper.ClassPathMapperScanner:44 - Skipping MapperFactoryBean with name 'onlCgreportHeadMapper' and 'org.jeecg.modules.online.cgreport.mapper.OnlCgreportHeadMapper' mapperInterface. Bean already defined with the same name!
2024-02-03 11:07:22.504 [main] WARN  org.mybatis.spring.mapper.ClassPathMapperScanner:44 - Skipping MapperFactoryBean with name 'onlCgreportItemMapper' and 'org.jeecg.modules.online.cgreport.mapper.OnlCgreportItemMapper' mapperInterface. Bean already defined with the same name!
2024-02-03 11:07:22.504 [main] WARN  org.mybatis.spring.mapper.ClassPathMapperScanner:44 - Skipping MapperFactoryBean with name 'onlCgreportParamMapper' and 'org.jeecg.modules.online.cgreport.mapper.OnlCgreportParamMapper' mapperInterface. Bean already defined with the same name!
2024-02-03 11:07:22.505 [main] WARN  org.mybatis.spring.mapper.ClassPathMapperScanner:44 - Skipping MapperFactoryBean with name 'jeecgDemoMapper' and 'org.jeecg.modules.demo.test.mapper.JeecgDemoMapper' mapperInterface. Bean already defined with the same name!
2024-02-03 11:07:22.505 [main] WARN  org.mybatis.spring.mapper.ClassPathMapperScanner:44 - Skipping MapperFactoryBean with name 'jeecgOrderCustomerMapper' and 'org.jeecg.modules.demo.test.mapper.JeecgOrderCustomerMapper' mapperInterface. Bean already defined with the same name!
2024-02-03 11:07:22.505 [main] WARN  org.mybatis.spring.mapper.ClassPathMapperScanner:44 - Skipping MapperFactoryBean with name 'jeecgOrderMainMapper' and 'org.jeecg.modules.demo.test.mapper.JeecgOrderMainMapper' mapperInterface. Bean already defined with the same name!
2024-02-03 11:07:22.505 [main] WARN  org.mybatis.spring.mapper.ClassPathMapperScanner:44 - Skipping MapperFactoryBean with name 'jeecgOrderTicketMapper' and 'org.jeecg.modules.demo.test.mapper.JeecgOrderTicketMapper' mapperInterface. Bean already defined with the same name!
2024-02-03 11:07:22.505 [main] WARN  org.mybatis.spring.mapper.ClassPathMapperScanner:44 - Skipping MapperFactoryBean with name 'joaDemoMapper' and 'org.jeecg.modules.demo.test.mapper.JoaDemoMapper' mapperInterface. Bean already defined with the same name!
2024-02-03 11:07:22.505 [main] WARN  org.mybatis.spring.mapper.ClassPathMapperScanner:44 - Skipping MapperFactoryBean with name 'baseCommonMapper' and 'org.jeecg.modules.base.mapper.BaseCommonMapper' mapperInterface. Bean already defined with the same name!
2024-02-03 11:07:22.644 [main] INFO  o.j.minidao.factory.MiniDaoClassPathMapperScanner:48 - register minidao name is { org.jeecg.modules.jmreport.desreport.dao.JimuReportDao }
2024-02-03 11:07:22.644 [main] INFO  o.j.minidao.factory.MiniDaoClassPathMapperScanner:48 - register minidao name is { org.jeecg.modules.jmreport.desreport.dao.JimuReportDataSourceDao }
2024-02-03 11:07:22.645 [main] INFO  o.j.minidao.factory.MiniDaoClassPathMapperScanner:48 - register minidao name is { org.jeecg.modules.jmreport.desreport.dao.JimuReportDbDao }
2024-02-03 11:07:22.645 [main] INFO  o.j.minidao.factory.MiniDaoClassPathMapperScanner:48 - register minidao name is { org.jeecg.modules.jmreport.desreport.dao.JimuReportDbFieldDao }
2024-02-03 11:07:22.645 [main] INFO  o.j.minidao.factory.MiniDaoClassPathMapperScanner:48 - register minidao name is { org.jeecg.modules.jmreport.desreport.dao.JimuReportDbParamDao }
2024-02-03 11:07:22.645 [main] INFO  o.j.minidao.factory.MiniDaoClassPathMapperScanner:48 - register minidao name is { org.jeecg.modules.jmreport.desreport.dao.JimuReportDictDao }
2024-02-03 11:07:22.645 [main] INFO  o.j.minidao.factory.MiniDaoClassPathMapperScanner:48 - register minidao name is { org.jeecg.modules.jmreport.desreport.dao.JimuReportDictItemDao }
2024-02-03 11:07:22.645 [main] INFO  o.j.minidao.factory.MiniDaoClassPathMapperScanner:48 - register minidao name is { org.jeecg.modules.jmreport.desreport.dao.JimuReportLinkDao }
2024-02-03 11:07:22.645 [main] INFO  o.j.minidao.factory.MiniDaoClassPathMapperScanner:48 - register minidao name is { org.jeecg.modules.jmreport.desreport.dao.JimuReportMapDao }
2024-02-03 11:07:22.645 [main] INFO  o.j.minidao.factory.MiniDaoClassPathMapperScanner:48 - register minidao name is { org.jeecg.modules.jmreport.desreport.dao.JimuReportShareDao }
2024-02-03 11:07:22.645 [main] INFO  o.j.minidao.factory.MiniDaoClassPathMapperScanner:48 - register minidao name is { org.jeecg.modules.drag.dao.OnlDragCompDao }
2024-02-03 11:07:22.645 [main] INFO  o.j.minidao.factory.MiniDaoClassPathMapperScanner:48 - register minidao name is { org.jeecg.modules.drag.dao.OnlDragDatasetHeadDao }
2024-02-03 11:07:22.645 [main] INFO  o.j.minidao.factory.MiniDaoClassPathMapperScanner:48 - register minidao name is { org.jeecg.modules.drag.dao.OnlDragDatasetItemDao }
2024-02-03 11:07:22.645 [main] INFO  o.j.minidao.factory.MiniDaoClassPathMapperScanner:48 - register minidao name is { org.jeecg.modules.drag.dao.OnlDragDatasetParamDao }
2024-02-03 11:07:22.645 [main] INFO  o.j.minidao.factory.MiniDaoClassPathMapperScanner:48 - register minidao name is { org.jeecg.modules.drag.dao.OnlDragDataSourceDao }
2024-02-03 11:07:22.646 [main] INFO  o.j.minidao.factory.MiniDaoClassPathMapperScanner:48 - register minidao name is { org.jeecg.modules.drag.dao.OnlDragPageCompDao }
2024-02-03 11:07:22.646 [main] INFO  o.j.minidao.factory.MiniDaoClassPathMapperScanner:48 - register minidao name is { org.jeecg.modules.drag.dao.OnlDragPageDao }
2024-02-03 11:07:22.903 [main] INFO  o.s.c.s.PostProcessorRegistrationDelegate$BeanPostProcessorChecker:376 - Bean '(inner bean)#73385d3f#16' of type [org.jeecgframework.minidao.aop.MiniDaoHandler] is not eligible for getting processed by all BeanPostProcessors (for example: not eligible for auto-proxying)
2024-02-03 11:07:22.907 [main] INFO  o.s.c.s.PostProcessorRegistrationDelegate$BeanPostProcessorChecker:376 - Bean 'onlDragPageDao' of type [org.jeecgframework.minidao.factory.MiniDaoBeanFactory] is not eligible for getting processed by all BeanPostProcessors (for example: not eligible for auto-proxying)
2024-02-03 11:07:22.908 [main] INFO  o.s.c.s.PostProcessorRegistrationDelegate$BeanPostProcessorChecker:376 - Bean '(inner bean)#73385d3f#15' of type [org.jeecgframework.minidao.aop.MiniDaoHandler] is not eligible for getting processed by all BeanPostProcessors (for example: not eligible for auto-proxying)
2024-02-03 11:07:22.909 [main] INFO  o.s.c.s.PostProcessorRegistrationDelegate$BeanPostProcessorChecker:376 - Bean 'onlDragPageCompDao' of type [org.jeecgframework.minidao.factory.MiniDaoBeanFactory] is not eligible for getting processed by all BeanPostProcessors (for example: not eligible for auto-proxying)
2024-02-03 11:07:22.910 [main] INFO  o.s.c.s.PostProcessorRegistrationDelegate$BeanPostProcessorChecker:376 - Bean '(inner bean)#73385d3f#14' of type [org.jeecgframework.minidao.aop.MiniDaoHandler] is not eligible for getting processed by all BeanPostProcessors (for example: not eligible for auto-proxying)
2024-02-03 11:07:22.910 [main] INFO  o.s.c.s.PostProcessorRegistrationDelegate$BeanPostProcessorChecker:376 - Bean 'onlDragDataSourceDao' of type [org.jeecgframework.minidao.factory.MiniDaoBeanFactory] is not eligible for getting processed by all BeanPostProcessors (for example: not eligible for auto-proxying)
2024-02-03 11:07:22.911 [main] INFO  o.s.c.s.PostProcessorRegistrationDelegate$BeanPostProcessorChecker:376 - Bean '(inner bean)#73385d3f#13' of type [org.jeecgframework.minidao.aop.MiniDaoHandler] is not eligible for getting processed by all BeanPostProcessors (for example: not eligible for auto-proxying)
2024-02-03 11:07:22.912 [main] INFO  o.s.c.s.PostProcessorRegistrationDelegate$BeanPostProcessorChecker:376 - Bean 'onlDragDatasetParamDao' of type [org.jeecgframework.minidao.factory.MiniDaoBeanFactory] is not eligible for getting processed by all BeanPostProcessors (for example: not eligible for auto-proxying)
2024-02-03 11:07:22.912 [main] INFO  o.s.c.s.PostProcessorRegistrationDelegate$BeanPostProcessorChecker:376 - Bean '(inner bean)#73385d3f#12' of type [org.jeecgframework.minidao.aop.MiniDaoHandler] is not eligible for getting processed by all BeanPostProcessors (for example: not eligible for auto-proxying)
2024-02-03 11:07:22.913 [main] INFO  o.s.c.s.PostProcessorRegistrationDelegate$BeanPostProcessorChecker:376 - Bean 'onlDragDatasetItemDao' of type [org.jeecgframework.minidao.factory.MiniDaoBeanFactory] is not eligible for getting processed by all BeanPostProcessors (for example: not eligible for auto-proxying)
2024-02-03 11:07:22.914 [main] INFO  o.s.c.s.PostProcessorRegistrationDelegate$BeanPostProcessorChecker:376 - Bean '(inner bean)#73385d3f#11' of type [org.jeecgframework.minidao.aop.MiniDaoHandler] is not eligible for getting processed by all BeanPostProcessors (for example: not eligible for auto-proxying)
2024-02-03 11:07:22.914 [main] INFO  o.s.c.s.PostProcessorRegistrationDelegate$BeanPostProcessorChecker:376 - Bean 'onlDragDatasetHeadDao' of type [org.jeecgframework.minidao.factory.MiniDaoBeanFactory] is not eligible for getting processed by all BeanPostProcessors (for example: not eligible for auto-proxying)
2024-02-03 11:07:22.915 [main] INFO  o.s.c.s.PostProcessorRegistrationDelegate$BeanPostProcessorChecker:376 - Bean '(inner bean)#73385d3f#10' of type [org.jeecgframework.minidao.aop.MiniDaoHandler] is not eligible for getting processed by all BeanPostProcessors (for example: not eligible for auto-proxying)
2024-02-03 11:07:22.915 [main] INFO  o.s.c.s.PostProcessorRegistrationDelegate$BeanPostProcessorChecker:376 - Bean 'onlDragCompDao' of type [org.jeecgframework.minidao.factory.MiniDaoBeanFactory] is not eligible for getting processed by all BeanPostProcessors (for example: not eligible for auto-proxying)
2024-02-03 11:07:22.916 [main] INFO  o.s.c.s.PostProcessorRegistrationDelegate$BeanPostProcessorChecker:376 - Bean '(inner bean)#73385d3f#9' of type [org.jeecgframework.minidao.aop.MiniDaoHandler] is not eligible for getting processed by all BeanPostProcessors (for example: not eligible for auto-proxying)
2024-02-03 11:07:22.917 [main] INFO  o.s.c.s.PostProcessorRegistrationDelegate$BeanPostProcessorChecker:376 - Bean 'jimuReportShareDao' of type [org.jeecgframework.minidao.factory.MiniDaoBeanFactory] is not eligible for getting processed by all BeanPostProcessors (for example: not eligible for auto-proxying)
2024-02-03 11:07:22.917 [main] INFO  o.s.c.s.PostProcessorRegistrationDelegate$BeanPostProcessorChecker:376 - Bean '(inner bean)#73385d3f#8' of type [org.jeecgframework.minidao.aop.MiniDaoHandler] is not eligible for getting processed by all BeanPostProcessors (for example: not eligible for auto-proxying)
2024-02-03 11:07:22.918 [main] INFO  o.s.c.s.PostProcessorRegistrationDelegate$BeanPostProcessorChecker:376 - Bean 'jimuReportMapDao' of type [org.jeecgframework.minidao.factory.MiniDaoBeanFactory] is not eligible for getting processed by all BeanPostProcessors (for example: not eligible for auto-proxying)
2024-02-03 11:07:22.918 [main] INFO  o.s.c.s.PostProcessorRegistrationDelegate$BeanPostProcessorChecker:376 - Bean '(inner bean)#73385d3f#7' of type [org.jeecgframework.minidao.aop.MiniDaoHandler] is not eligible for getting processed by all BeanPostProcessors (for example: not eligible for auto-proxying)
2024-02-03 11:07:22.919 [main] INFO  o.s.c.s.PostProcessorRegistrationDelegate$BeanPostProcessorChecker:376 - Bean 'jimuReportLinkDao' of type [org.jeecgframework.minidao.factory.MiniDaoBeanFactory] is not eligible for getting processed by all BeanPostProcessors (for example: not eligible for auto-proxying)
2024-02-03 11:07:22.919 [main] INFO  o.s.c.s.PostProcessorRegistrationDelegate$BeanPostProcessorChecker:376 - Bean '(inner bean)#73385d3f#6' of type [org.jeecgframework.minidao.aop.MiniDaoHandler] is not eligible for getting processed by all BeanPostProcessors (for example: not eligible for auto-proxying)
2024-02-03 11:07:22.920 [main] INFO  o.s.c.s.PostProcessorRegistrationDelegate$BeanPostProcessorChecker:376 - Bean 'jimuReportDictItemDao' of type [org.jeecgframework.minidao.factory.MiniDaoBeanFactory] is not eligible for getting processed by all BeanPostProcessors (for example: not eligible for auto-proxying)
2024-02-03 11:07:22.920 [main] INFO  o.s.c.s.PostProcessorRegistrationDelegate$BeanPostProcessorChecker:376 - Bean '(inner bean)#73385d3f#5' of type [org.jeecgframework.minidao.aop.MiniDaoHandler] is not eligible for getting processed by all BeanPostProcessors (for example: not eligible for auto-proxying)
2024-02-03 11:07:22.921 [main] INFO  o.s.c.s.PostProcessorRegistrationDelegate$BeanPostProcessorChecker:376 - Bean 'jimuReportDictDao' of type [org.jeecgframework.minidao.factory.MiniDaoBeanFactory] is not eligible for getting processed by all BeanPostProcessors (for example: not eligible for auto-proxying)
2024-02-03 11:07:22.921 [main] INFO  o.s.c.s.PostProcessorRegistrationDelegate$BeanPostProcessorChecker:376 - Bean '(inner bean)#73385d3f#4' of type [org.jeecgframework.minidao.aop.MiniDaoHandler] is not eligible for getting processed by all BeanPostProcessors (for example: not eligible for auto-proxying)
2024-02-03 11:07:22.922 [main] INFO  o.s.c.s.PostProcessorRegistrationDelegate$BeanPostProcessorChecker:376 - Bean 'jimuReportDbParamDao' of type [org.jeecgframework.minidao.factory.MiniDaoBeanFactory] is not eligible for getting processed by all BeanPostProcessors (for example: not eligible for auto-proxying)
2024-02-03 11:07:22.922 [main] INFO  o.s.c.s.PostProcessorRegistrationDelegate$BeanPostProcessorChecker:376 - Bean '(inner bean)#73385d3f#3' of type [org.jeecgframework.minidao.aop.MiniDaoHandler] is not eligible for getting processed by all BeanPostProcessors (for example: not eligible for auto-proxying)
2024-02-03 11:07:22.923 [main] INFO  o.s.c.s.PostProcessorRegistrationDelegate$BeanPostProcessorChecker:376 - Bean 'jimuReportDbFieldDao' of type [org.jeecgframework.minidao.factory.MiniDaoBeanFactory] is not eligible for getting processed by all BeanPostProcessors (for example: not eligible for auto-proxying)
2024-02-03 11:07:22.923 [main] INFO  o.s.c.s.PostProcessorRegistrationDelegate$BeanPostProcessorChecker:376 - Bean '(inner bean)#73385d3f#2' of type [org.jeecgframework.minidao.aop.MiniDaoHandler] is not eligible for getting processed by all BeanPostProcessors (for example: not eligible for auto-proxying)
2024-02-03 11:07:22.924 [main] INFO  o.s.c.s.PostProcessorRegistrationDelegate$BeanPostProcessorChecker:376 - Bean 'jimuReportDbDao' of type [org.jeecgframework.minidao.factory.MiniDaoBeanFactory] is not eligible for getting processed by all BeanPostProcessors (for example: not eligible for auto-proxying)
2024-02-03 11:07:22.925 [main] INFO  o.s.c.s.PostProcessorRegistrationDelegate$BeanPostProcessorChecker:376 - Bean '(inner bean)#73385d3f#1' of type [org.jeecgframework.minidao.aop.MiniDaoHandler] is not eligible for getting processed by all BeanPostProcessors (for example: not eligible for auto-proxying)
2024-02-03 11:07:22.925 [main] INFO  o.s.c.s.PostProcessorRegistrationDelegate$BeanPostProcessorChecker:376 - Bean 'jimuReportDataSourceDao' of type [org.jeecgframework.minidao.factory.MiniDaoBeanFactory] is not eligible for getting processed by all BeanPostProcessors (for example: not eligible for auto-proxying)
2024-02-03 11:07:22.926 [main] INFO  o.s.c.s.PostProcessorRegistrationDelegate$BeanPostProcessorChecker:376 - Bean '(inner bean)#73385d3f' of type [org.jeecgframework.minidao.aop.MiniDaoHandler] is not eligible for getting processed by all BeanPostProcessors (for example: not eligible for auto-proxying)
2024-02-03 11:07:22.926 [main] INFO  o.s.c.s.PostProcessorRegistrationDelegate$BeanPostProcessorChecker:376 - Bean 'jimuReportDao' of type [org.jeecgframework.minidao.factory.MiniDaoBeanFactory] is not eligible for getting processed by all BeanPostProcessors (for example: not eligible for auto-proxying)
2024-02-03 11:07:22.939 [main] INFO  o.s.c.s.PostProcessorRegistrationDelegate$BeanPostProcessorChecker:376 - Bean 'spring.redis-org.springframework.boot.autoconfigure.data.redis.RedisProperties' of type [org.springframework.boot.autoconfigure.data.redis.RedisProperties] is not eligible for getting processed by all BeanPostProcessors (for example: not eligible for auto-proxying)
2024-02-03 11:07:22.942 [main] INFO  o.s.c.s.PostProcessorRegistrationDelegate$BeanPostProcessorChecker:376 - Bean 'org.springframework.boot.autoconfigure.data.redis.LettuceConnectionConfiguration' of type [org.springframework.boot.autoconfigure.data.redis.LettuceConnectionConfiguration] is not eligible for getting processed by all BeanPostProcessors (for example: not eligible for auto-proxying)
2024-02-03 11:07:22.953 [main] INFO  o.s.c.s.PostProcessorRegistrationDelegate$BeanPostProcessorChecker:376 - Bean 'org.springframework.boot.actuate.autoconfigure.metrics.redis.LettuceMetricsAutoConfiguration' of type [org.springframework.boot.actuate.autoconfigure.metrics.redis.LettuceMetricsAutoConfiguration] is not eligible for getting processed by all BeanPostProcessors (for example: not eligible for auto-proxying)
2024-02-03 11:07:22.954 [main] INFO  o.s.c.s.PostProcessorRegistrationDelegate$BeanPostProcessorChecker:376 - Bean 'org.springframework.boot.actuate.autoconfigure.metrics.export.prometheus.PrometheusMetricsExportAutoConfiguration' of type [org.springframework.boot.actuate.autoconfigure.metrics.export.prometheus.PrometheusMetricsExportAutoConfiguration] is not eligible for getting processed by all BeanPostProcessors (for example: not eligible for auto-proxying)
2024-02-03 11:07:22.957 [main] INFO  o.s.c.s.PostProcessorRegistrationDelegate$BeanPostProcessorChecker:376 - Bean 'management.metrics.export.prometheus-org.springframework.boot.actuate.autoconfigure.metrics.export.prometheus.PrometheusProperties' of type [org.springframework.boot.actuate.autoconfigure.metrics.export.prometheus.PrometheusProperties] is not eligible for getting processed by all BeanPostProcessors (for example: not eligible for auto-proxying)
2024-02-03 11:07:22.960 [main] INFO  o.s.c.s.PostProcessorRegistrationDelegate$BeanPostProcessorChecker:376 - Bean 'prometheusConfig' of type [org.springframework.boot.actuate.autoconfigure.metrics.export.prometheus.PrometheusPropertiesConfigAdapter] is not eligible for getting processed by all BeanPostProcessors (for example: not eligible for auto-proxying)
2024-02-03 11:07:22.961 [main] INFO  o.s.c.s.PostProcessorRegistrationDelegate$BeanPostProcessorChecker:376 - Bean 'collectorRegistry' of type [io.prometheus.client.CollectorRegistry] is not eligible for getting processed by all BeanPostProcessors (for example: not eligible for auto-proxying)
2024-02-03 11:07:22.962 [main] INFO  o.s.c.s.PostProcessorRegistrationDelegate$BeanPostProcessorChecker:376 - Bean 'org.springframework.boot.actuate.autoconfigure.metrics.MetricsAutoConfiguration' of type [org.springframework.boot.actuate.autoconfigure.metrics.MetricsAutoConfiguration] is not eligible for getting processed by all BeanPostProcessors (for example: not eligible for auto-proxying)
2024-02-03 11:07:22.963 [main] INFO  o.s.c.s.PostProcessorRegistrationDelegate$BeanPostProcessorChecker:376 - Bean 'micrometerClock' of type [io.micrometer.core.instrument.Clock$1] is not eligible for getting processed by all BeanPostProcessors (for example: not eligible for auto-proxying)
2024-02-03 11:07:22.981 [main] INFO  o.s.c.s.PostProcessorRegistrationDelegate$BeanPostProcessorChecker:376 - Bean 'prometheusMeterRegistry' of type [io.micrometer.prometheus.PrometheusMeterRegistry] is not eligible for getting processed by all BeanPostProcessors (for example: not eligible for auto-proxying)
2024-02-03 11:07:22.984 [main] INFO  o.s.c.s.PostProcessorRegistrationDelegate$BeanPostProcessorChecker:376 - Bean 'micrometerOptions' of type [io.lettuce.core.metrics.MicrometerOptions] is not eligible for getting processed by all BeanPostProcessors (for example: not eligible for auto-proxying)
2024-02-03 11:07:22.985 [main] INFO  o.s.c.s.PostProcessorRegistrationDelegate$BeanPostProcessorChecker:376 - Bean 'lettuceMetrics' of type [org.springframework.boot.actuate.autoconfigure.metrics.redis.LettuceMetricsAutoConfiguration$$Lambda$446/304504964] is not eligible for getting processed by all BeanPostProcessors (for example: not eligible for auto-proxying)
2024-02-03 11:07:23.044 [main] INFO  o.s.c.s.PostProcessorRegistrationDelegate$BeanPostProcessorChecker:376 - Bean 'lettuceClientResources' of type [io.lettuce.core.resource.DefaultClientResources] is not eligible for getting processed by all BeanPostProcessors (for example: not eligible for auto-proxying)
2024-02-03 11:07:23.098 [main] INFO  o.s.c.s.PostProcessorRegistrationDelegate$BeanPostProcessorChecker:376 - Bean 'redisConnectionFactory' of type [org.springframework.data.redis.connection.lettuce.LettuceConnectionFactory] is not eligible for getting processed by all BeanPostProcessors (for example: not eligible for auto-proxying)
2024-02-03 11:07:23.103 [main] INFO  o.s.c.s.PostProcessorRegistrationDelegate$BeanPostProcessorChecker:376 - Bean 'jeecgBaseConfig' of type [org.jeecg.config.JeecgBaseConfig] is not eligible for getting processed by all BeanPostProcessors (for example: not eligible for auto-proxying)
2024-02-03 11:07:23.105 [main] INFO  o.s.c.s.PostProcessorRegistrationDelegate$BeanPostProcessorChecker:376 - Bean 'shiroConfig' of type [org.jeecg.config.shiro.ShiroConfig$$EnhancerBySpringCGLIB$$ad46c514] is not eligible for getting processed by all BeanPostProcessors (for example: not eligible for auto-proxying)
2024-02-03 11:07:23.326 [main] INFO  o.s.c.s.PostProcessorRegistrationDelegate$BeanPostProcessorChecker:376 - Bean 'spring.datasource.dynamic-com.baomidou.dynamic.datasource.spring.boot.autoconfigure.DynamicDataSourceProperties' of type [com.baomidou.dynamic.datasource.spring.boot.autoconfigure.DynamicDataSourceProperties] is not eligible for getting processed by all BeanPostProcessors (for example: not eligible for auto-proxying)
2024-02-03 11:07:23.331 [main] INFO  o.s.c.s.PostProcessorRegistrationDelegate$BeanPostProcessorChecker:376 - Bean 'com.baomidou.dynamic.datasource.spring.boot.autoconfigure.DynamicDataSourceAopConfiguration' of type [com.baomidou.dynamic.datasource.spring.boot.autoconfigure.DynamicDataSourceAopConfiguration$$EnhancerBySpringCGLIB$$cf7c346f] is not eligible for getting processed by all BeanPostProcessors (for example: not eligible for auto-proxying)
2024-02-03 11:07:23.341 [main] INFO  o.s.c.s.PostProcessorRegistrationDelegate$BeanPostProcessorChecker:376 - Bean 'dsProcessor' of type [com.baomidou.dynamic.datasource.processor.DsHeaderProcessor] is not eligible for getting processed by all BeanPostProcessors (for example: not eligible for auto-proxying)
2024-02-03 11:07:23.377 [main] INFO  o.s.c.s.PostProcessorRegistrationDelegate$BeanPostProcessorChecker:376 - Bean 'shiroRealm' of type [org.jeecg.config.shiro.ShiroRealm] is not eligible for getting processed by all BeanPostProcessors (for example: not eligible for auto-proxying)
2024-02-03 11:07:23.508 [main] INFO  org.jeecg.config.shiro.ShiroConfig:244 - ===============(1)创建缓存管理器RedisCacheManager
2024-02-03 11:07:23.509 [main] INFO  org.jeecg.config.shiro.ShiroConfig:262 - ===============(2)创建RedisManager,连接Redis..
2024-02-03 11:07:23.510 [main] INFO  o.s.c.s.PostProcessorRegistrationDelegate$BeanPostProcessorChecker:376 - Bean 'redisManager' of type [org.crazycake.shiro.RedisManager] is not eligible for getting processed by all BeanPostProcessors (for example: not eligible for auto-proxying)
2024-02-03 11:07:23.516 [main] INFO  o.s.c.s.PostProcessorRegistrationDelegate$BeanPostProcessorChecker:376 - Bean 'securityManager' of type [org.apache.shiro.web.mgt.DefaultWebSecurityManager] is not eligible for getting processed by all BeanPostProcessors (for example: not eligible for auto-proxying)
2024-02-03 11:07:23.534 [main] INFO  o.s.c.s.PostProcessorRegistrationDelegate$BeanPostProcessorChecker:376 - Bean 'authorizationAttributeSourceAdvisor' of type [org.apache.shiro.spring.security.interceptor.AuthorizationAttributeSourceAdvisor] is not eligible for getting processed by all BeanPostProcessors (for example: not eligible for auto-proxying)
2024-02-03 11:07:23.551 [main] INFO  o.s.c.s.PostProcessorRegistrationDelegate$BeanPostProcessorChecker:376 - Bean 'org.apache.shiro.spring.boot.autoconfigure.ShiroBeanAutoConfiguration' of type [org.apache.shiro.spring.boot.autoconfigure.ShiroBeanAutoConfiguration$$EnhancerBySpringCGLIB$$61235acb] is not eligible for getting processed by all BeanPostProcessors (for example: not eligible for auto-proxying)
2024-02-03 11:07:23.554 [main] INFO  o.s.c.s.PostProcessorRegistrationDelegate$BeanPostProcessorChecker:376 - Bean 'eventBus' of type [org.apache.shiro.event.support.DefaultEventBus] is not eligible for getting processed by all BeanPostProcessors (for example: not eligible for auto-proxying)
2024-02-03 11:07:23.823 [main] INFO  o.s.boot.web.embedded.tomcat.TomcatWebServer:108 - Tomcat initialized with port(s): 8080 (http)
2024-02-03 11:07:23.832 [main] INFO  org.apache.coyote.http11.Http11NioProtocol:173 - Initializing ProtocolHandler ["http-nio-8080"]
2024-02-03 11:07:23.833 [main] INFO  org.apache.catalina.core.StandardService:173 - Starting service [Tomcat]
2024-02-03 11:07:23.833 [main] INFO  org.apache.catalina.core.StandardEngine:173 - Starting Servlet engine: [Apache Tomcat/9.0.73]
2024-02-03 11:07:23.955 [main] INFO  o.a.c.c.C.[Tomcat].[localhost].[/qfy-boot-system]:173 - Initializing Spring embedded WebApplicationContext
2024-02-03 11:07:23.955 [main] INFO  o.s.b.w.s.c.ServletWebServerApplicationContext:292 - Root WebApplicationContext: initialization completed in 4077 ms
2024-02-03 11:07:24.231 [main] INFO  o.j.m.jmreport.config.init.JimuReportConfiguration:90 -  Init JimuReport Config [ Token Interceptor & Resource Locations ] 
2024-02-03 11:07:24.821 [main] INFO  com.alibaba.druid.pool.DruidDataSource:1010 - {dataSource-1,master} inited
2024-02-03 11:07:25.241 [main] INFO  com.alibaba.druid.pool.DruidDataSource:1010 - {dataSource-2,postgresql} inited
2024-02-03 11:07:25.241 [main] INFO  c.b.dynamic.datasource.DynamicRoutingDataSource:154 - dynamic-datasource - add a datasource named [postgresql] success
2024-02-03 11:07:25.241 [main] INFO  c.b.dynamic.datasource.DynamicRoutingDataSource:154 - dynamic-datasource - add a datasource named [master] success
2024-02-03 11:07:25.242 [main] INFO  c.b.dynamic.datasource.DynamicRoutingDataSource:237 - dynamic-datasource initial loaded [2] datasource,primary datasource named [master]
2024-02-03 11:07:26.320 [main] ERROR com.baomidou.mybatisplus.core.MybatisConfiguration:110 - mapper[com.qfy.modules.commons.mapper.SystemUserMapper.selectAllTenntUser] is ignored, because it exists, maybe from xml file
2024-02-03 11:07:26.978 [main] WARN  c.b.mybatisplus.core.injector.DefaultSqlInjector:56 - class com.qfy.modules.api.domain.FamilyRoster ,Not found @TableId annotation, Cannot use Mybatis-Plus 'xxById' Method.
2024-02-03 11:07:26.990 [main] WARN  c.b.mybatisplus.core.injector.DefaultSqlInjector:56 - class com.qfy.modules.api.domain.PointsRanking ,Not found @TableId annotation, Cannot use Mybatis-Plus 'xxById' Method.
2024-02-03 11:07:28.207 [main] INFO  org.jeecg.common.modules.redis.config.RedisConfig:56 -  --- redis config init --- 
2024-02-03 11:07:29.455 [main] INFO  org.quartz.impl.StdSchedulerFactory:1220 - Using default implementation for ThreadExecutor
2024-02-03 11:07:29.456 [main] INFO  org.quartz.simpl.SimpleThreadPool:268 - Job execution threads will use class loader of thread: main
2024-02-03 11:07:29.463 [main] INFO  org.quartz.core.SchedulerSignalerImpl:61 - Initialized Scheduler Signaller of type: class org.quartz.core.SchedulerSignalerImpl
2024-02-03 11:07:29.463 [main] INFO  org.quartz.core.QuartzScheduler:229 - Quartz Scheduler v.2.3.2 created.
2024-02-03 11:07:29.465 [main] INFO  o.s.scheduling.quartz.LocalDataSourceJobStore:672 - Using db table-based data access locking (synchronization).
2024-02-03 11:07:29.467 [main] INFO  o.s.scheduling.quartz.LocalDataSourceJobStore:145 - JobStoreCMT initialized.
2024-02-03 11:07:29.467 [main] INFO  org.quartz.core.QuartzScheduler:294 - Scheduler meta-data: Quartz Scheduler (v2.3.2) 'MyScheduler' with instanceId 'DESKTOP-6EVUJN01706929649456'
  Scheduler class: 'org.quartz.core.QuartzScheduler' - running locally.
  NOT STARTED.
  Currently in standby mode.
  Number of jobs executed: 0
  Using thread pool 'org.quartz.simpl.SimpleThreadPool' - with 10 threads.
  Using job-store 'org.springframework.scheduling.quartz.LocalDataSourceJobStore' - which supports persistence. and is clustered.

2024-02-03 11:07:29.467 [main] INFO  org.quartz.impl.StdSchedulerFactory:1374 - Quartz scheduler 'MyScheduler' initialized from an externally provided properties instance.
2024-02-03 11:07:29.468 [main] INFO  org.quartz.impl.StdSchedulerFactory:1378 - Quartz scheduler version: 2.3.2
2024-02-03 11:07:29.468 [main] INFO  org.quartz.core.QuartzScheduler:2293 - JobFactory set to: org.springframework.scheduling.quartz.SpringBeanJobFactory@58267ba1
2024-02-03 11:07:31.145 [main] INFO  o.j.modules.jmreport.config.JmReportExecutorConfig:42 -  Init JimuReport Config [ 线程池 ] 
2024-02-03 11:07:31.855 [main] INFO  com.qfy.modules.appauth.auth.UserDepartFactory:84 - 结束初始化用户分管部门和负责部门==>用时120毫秒
2024-02-03 11:07:32.097 [main] INFO  com.qfy.modules.commons.SystemConstant:37 - 初始化系统全局变量====>SystemConstant
2024-02-03 11:07:32.567 [main] INFO  com.qfy.modules.config.ThirdConfigFactory:49 - 初始化第三方参数配置 ==============>thirdConfig<==============
2024-02-03 11:07:38.936 [main] INFO  o.s.b.actuate.endpoint.web.EndpointLinksResolver:58 - Exposing 2 endpoint(s) beneath base path '/actuator'
2024-02-03 11:07:39.072 [main] INFO  org.jeecg.config.init.CodeGenerateDbConfig:46 -  Init CodeGenerate Config [ Get Db Config From application.yml ] 
2024-02-03 11:07:40.066 [main] INFO  org.apache.coyote.http11.Http11NioProtocol:173 - Starting ProtocolHandler ["http-nio-8080"]
2024-02-03 11:07:40.084 [main] INFO  o.s.boot.web.embedded.tomcat.TomcatWebServer:220 - Tomcat started on port(s): 8080 (http) with context path '/qfy-boot-system'
2024-02-03 11:07:43.507 [main] INFO  o.s.scheduling.quartz.SchedulerFactoryBean:734 - Will start Quartz Scheduler [MyScheduler] in 1 seconds
2024-02-03 11:07:43.520 [main] INFO  org.jeecg.JeecgSystemApplication:61 - Started JeecgSystemApplication in 24.281 seconds (JVM running for 25.05)
2024-02-03 11:07:43.525 [main] INFO  org.jeecg.config.init.CodeTemplateInitListener:29 -  Init Code Generate Template [ 检测如果是JAR启动环境，Copy模板到config目录 ] 
2024-02-03 11:07:43.540 [main] INFO  org.jeecg.JeecgSystemApplication:41 - 
----------------------------------------------------------
	Application Jeecg-Boot is running! Access URLs:
	Local: 		http://localhost:8080/qfy-boot-system/
	External: 	http://192.168.0.111:8080/qfy-boot-system/
	Swagger文档: 	http://192.168.0.111:8080/qfy-boot-system/doc.html
----------------------------------------------------------
2024-02-03 11:07:44.512 [Quartz Scheduler [MyScheduler]] INFO  o.s.scheduling.quartz.SchedulerFactoryBean:750 - Starting Quartz Scheduler now, after delay of 1 seconds
2024-02-03 11:07:44.545 [Quartz Scheduler [MyScheduler]] INFO  org.quartz.core.QuartzScheduler:547 - Scheduler MyScheduler_$_DESKTOP-6EVUJN01706929649456 started.
2024-02-03 11:07:56.642 [http-nio-8080-exec-1] INFO  org.apache.tomcat.util.http.parser.Cookie:173 - A cookie header was received [Hm_lvt_098e6e84ab585bf0c2e6853604192b8b=1699323566,1700011180,1700012097,1700033261;] that contained an invalid cookie. That cookie will be ignored.
 Note: further occurrences of this error will be logged at DEBUG level.
2024-02-03 11:07:56.651 [http-nio-8080-exec-1] INFO  o.a.c.c.C.[Tomcat].[localhost].[/qfy-boot-system]:173 - Initializing Spring DispatcherServlet 'dispatcherServlet'
2024-02-03 11:07:56.651 [http-nio-8080-exec-1] INFO  org.springframework.web.servlet.DispatcherServlet:525 - Initializing Servlet 'dispatcherServlet'
2024-02-03 11:07:56.654 [http-nio-8080-exec-1] INFO  org.springframework.web.servlet.DispatcherServlet:547 - Completed initialization in 3 ms
2024-02-03 11:09:58.200 [http-nio-8080-exec-4] INFO  o.jeecg.modules.system.controller.LoginController:527 - 获取验证码，Redis key = 8bb4aa1d63f5a8d1fac9c3052d0fb7c2，checkCode = ivxa
2024-02-03 11:10:05.025 [http-nio-8080-exec-10] INFO  o.j.modules.system.service.impl.SysUserServiceImpl:934 -  登录接口用户的租户ID = 0
2024-02-03 11:10:05.214 [http-nio-8080-exec-5] INFO  o.j.c.desensitization.aspect.SensitiveDataAspect:76 - 加密操作，Aspect程序耗时：7ms
2024-02-03 11:22:17.840 [http-nio-8080-exec-1] WARN  org.jeecg.common.system.query.QueryGenerator:245 - 检测到实体里没有字段createTime，改成采用ID排序！
2024-02-03 11:22:24.902 [http-nio-8080-exec-9] INFO  o.j.config.sign.interceptor.SignAuthInterceptor:36 - Sign Interceptor request URI = /qfy-boot-system/sys/dict/loadTreeData
2024-02-03 11:22:24.908 [http-nio-8080-exec-3] INFO  o.j.config.sign.interceptor.SignAuthInterceptor:36 - Sign Interceptor request URI = /qfy-boot-system/sys/dict/loadTreeData
2024-02-03 11:22:24.908 [http-nio-8080-exec-9] INFO  org.jeecg.config.sign.util.SignUtil:50 - Param paramsJsonStr : {"code":"id","condition":"","converIsLeafVal":"1","hasChildField":"has_child","pid":"0","pidField":"pid","tableName":"qfy_app_page_element","text":"title"}
2024-02-03 11:22:24.909 [http-nio-8080-exec-3] INFO  org.jeecg.config.sign.util.SignUtil:50 - Param paramsJsonStr : {"code":"id","condition":"","converIsLeafVal":"1","hasChildField":"has_child","pid":"0","pidField":"pid","tableName":"qfy_app_page_element","text":"title"}
2024-02-03 11:22:24.910 [http-nio-8080-exec-9] INFO  org.jeecg.config.sign.util.SignUtil:37 - Param Sign : 2D62CD3006638F48061CE44C5A56DA1A
2024-02-03 11:22:24.910 [http-nio-8080-exec-3] INFO  org.jeecg.config.sign.util.SignUtil:37 - Param Sign : 2D62CD3006638F48061CE44C5A56DA1A
2024-02-03 11:22:24.912 [http-nio-8080-exec-9] INFO  o.j.c.f.S.impl.DictTableWhiteListHandlerImpl:127 - 字典拼接的查询SQL：select title,id from qfy_app_page_element
2024-02-03 11:22:24.912 [http-nio-8080-exec-3] INFO  o.j.c.f.S.impl.DictTableWhiteListHandlerImpl:127 - 字典拼接的查询SQL：select title,id from qfy_app_page_element
2024-02-03 11:22:24.950 [http-nio-8080-exec-9] INFO  o.j.c.f.S.impl.DictTableWhiteListHandlerImpl:76 - 获取select sql信息 ：{qfy_app_page_element=SelectSqlInfo{fromTableName='qfy_app_page_element', fromSubSelect=null, aliasName='null', selectFields=[id, title], realSelectFields=[id, title], selectAll=false}} 
2024-02-03 11:22:24.950 [http-nio-8080-exec-3] INFO  o.j.c.f.S.impl.DictTableWhiteListHandlerImpl:76 - 获取select sql信息 ：{qfy_app_page_element=SelectSqlInfo{fromTableName='qfy_app_page_element', fromSubSelect=null, aliasName='null', selectFields=[id, title], realSelectFields=[id, title], selectAll=false}} 
2024-02-03 11:22:24.966 [http-nio-8080-exec-3] INFO  o.j.c.f.S.impl.DictTableWhiteListHandlerImpl:59 - 表字典白名单初始化完成：{sys_permission=id,name, sys_position=name,id, qfy_system_dict=item_text,item_name,item_value, onl_drag_comp=id,comp_name, qfy_check_item=name,id, qfy_family_member=name,id_card,id, qfy_check_template=name,id, sys_dict=dict_code, oa_officialdoc_organcode=id,organ_name, sys_fill_rule=rule_code, demo=id,name, qfy_cooperative_enterprises=name,id, design_form=id,desform_name,desform_code, qfy_cms_section=name_code,name,id, qfy_sys_organization=code,pcode,name,id, sys_depart=id,org_code,depart_name, sys_user=phone,id",id,email,realname,username, onl_cgreport_head=code, yn=name,id, qfy_family_base=family_number, sys_category=id,name, onl_cgform_head=table_txt,table_name, oa_wps_file=id,name, qfy_app_page_element=pid,id,title}
2024-02-03 11:22:24.967 [http-nio-8080-exec-3] INFO  o.j.c.f.S.impl.DictTableWhiteListHandlerImpl:156 - checkWhiteList tableName: qfy_app_page_element
2024-02-03 11:22:24.967 [http-nio-8080-exec-3] INFO  o.j.c.f.S.impl.DictTableWhiteListHandlerImpl:195 - 白名单校验：查询表"qfy_app_page_element"，查询字段 [id, title] 通过校验
2024-02-03 11:22:24.968 [http-nio-8080-exec-3] INFO  o.j.c.util.security.AbstractQueryBlackListHandler:64 -   获取sql信息 ：[QueryTable{name='qfy_app_page_element', alias='', fields=[id, title], all=false}] 
2024-02-03 11:22:24.968 [http-nio-8080-exec-9] INFO  o.j.c.f.S.impl.DictTableWhiteListHandlerImpl:59 - 表字典白名单初始化完成：{sys_permission=id,name, sys_position=name,id, qfy_system_dict=item_text,item_name,item_value, onl_drag_comp=id,comp_name, qfy_check_item=name,id, qfy_family_member=name,id_card,id, qfy_check_template=name,id, sys_dict=dict_code, oa_officialdoc_organcode=id,organ_name, sys_fill_rule=rule_code, demo=id,name, qfy_cooperative_enterprises=name,id, design_form=id,desform_name,desform_code, qfy_cms_section=name_code,name,id, qfy_sys_organization=code,pcode,name,id, sys_depart=id,org_code,depart_name, sys_user=phone,id",id,email,realname,username, onl_cgreport_head=code, yn=name,id, qfy_family_base=family_number, sys_category=id,name, onl_cgform_head=table_txt,table_name, oa_wps_file=id,name, qfy_app_page_element=pid,id,title}
2024-02-03 11:22:24.969 [http-nio-8080-exec-9] INFO  o.j.c.f.S.impl.DictTableWhiteListHandlerImpl:156 - checkWhiteList tableName: qfy_app_page_element
2024-02-03 11:22:24.969 [http-nio-8080-exec-9] INFO  o.j.c.f.S.impl.DictTableWhiteListHandlerImpl:195 - 白名单校验：查询表"qfy_app_page_element"，查询字段 [id, title] 通过校验
2024-02-03 11:22:24.969 [http-nio-8080-exec-9] INFO  o.j.c.util.security.AbstractQueryBlackListHandler:64 -   获取sql信息 ：[QueryTable{name='qfy_app_page_element', alias='', fields=[id, title], all=false}] 
2024-02-03 11:23:08.508 [http-nio-8080-exec-4] INFO  o.j.c.f.S.impl.DictTableWhiteListHandlerImpl:127 - 字典拼接的查询SQL：select realname,username from sys_user
2024-02-03 11:23:08.509 [http-nio-8080-exec-4] INFO  o.j.c.f.S.impl.DictTableWhiteListHandlerImpl:76 - 获取select sql信息 ：{sys_user=SelectSqlInfo{fromTableName='sys_user', fromSubSelect=null, aliasName='null', selectFields=[realname, username], realSelectFields=[realname, username], selectAll=false}} 
2024-02-03 11:23:08.513 [http-nio-8080-exec-4] INFO  o.j.c.f.S.impl.DictTableWhiteListHandlerImpl:59 - 表字典白名单初始化完成：{sys_permission=id,name, sys_position=name,id, qfy_system_dict=item_text,item_name,item_value, onl_drag_comp=id,comp_name, qfy_check_item=name,id, qfy_family_member=name,id_card,id, qfy_check_template=name,id, sys_dict=dict_code, oa_officialdoc_organcode=id,organ_name, sys_fill_rule=rule_code, demo=id,name, qfy_cooperative_enterprises=name,id, design_form=id,desform_name,desform_code, qfy_cms_section=name_code,name,id, qfy_sys_organization=code,pcode,name,id, sys_depart=id,org_code,depart_name, sys_user=phone,id",id,email,realname,username, onl_cgreport_head=code, yn=name,id, qfy_family_base=family_number, sys_category=id,name, onl_cgform_head=table_txt,table_name, oa_wps_file=id,name, qfy_app_page_element=pid,id,title}
2024-02-03 11:23:08.514 [http-nio-8080-exec-4] INFO  o.j.c.f.S.impl.DictTableWhiteListHandlerImpl:156 - checkWhiteList tableName: sys_user
2024-02-03 11:23:08.514 [http-nio-8080-exec-4] INFO  o.j.c.f.S.impl.DictTableWhiteListHandlerImpl:195 - 白名单校验：查询表"sys_user"，查询字段 [realname, username] 通过校验
2024-02-03 11:23:08.514 [http-nio-8080-exec-4] INFO  o.j.c.util.security.AbstractQueryBlackListHandler:64 -   获取sql信息 ：[QueryTable{name='sys_user', alias='', fields=[realname, username], all=false}] 
2024-02-03 11:23:09.410 [http-nio-8080-exec-10] INFO  o.j.config.sign.interceptor.SignAuthInterceptor:36 - Sign Interceptor request URI = /qfy-boot-system/sys/dict/loadTreeData
2024-02-03 11:23:09.410 [http-nio-8080-exec-10] INFO  org.jeecg.config.sign.util.SignUtil:50 - Param paramsJsonStr : {"code":"id","condition":"","converIsLeafVal":"1","hasChildField":"has_child","pid":"0","pidField":"pid","tableName":"qfy_cms_section","text":"name"}
2024-02-03 11:23:09.410 [http-nio-8080-exec-5] INFO  o.j.config.sign.interceptor.SignAuthInterceptor:36 - Sign Interceptor request URI = /qfy-boot-system/sys/dict/loadTreeData
2024-02-03 11:23:09.410 [http-nio-8080-exec-10] INFO  org.jeecg.config.sign.util.SignUtil:37 - Param Sign : 779FB8B7E9FDDE53923F293CEC29AB8D
2024-02-03 11:23:09.411 [http-nio-8080-exec-5] INFO  org.jeecg.config.sign.util.SignUtil:50 - Param paramsJsonStr : {"code":"id","condition":"","converIsLeafVal":"1","hasChildField":"has_child","pid":"0","pidField":"pid","tableName":"qfy_cms_section","text":"name"}
2024-02-03 11:23:09.411 [http-nio-8080-exec-5] INFO  org.jeecg.config.sign.util.SignUtil:37 - Param Sign : 779FB8B7E9FDDE53923F293CEC29AB8D
2024-02-03 11:23:09.411 [http-nio-8080-exec-10] INFO  o.j.c.f.S.impl.DictTableWhiteListHandlerImpl:127 - 字典拼接的查询SQL：select name,id from qfy_cms_section
2024-02-03 11:23:09.411 [http-nio-8080-exec-5] INFO  o.j.c.f.S.impl.DictTableWhiteListHandlerImpl:127 - 字典拼接的查询SQL：select name,id from qfy_cms_section
2024-02-03 11:23:09.411 [http-nio-8080-exec-10] INFO  o.j.c.f.S.impl.DictTableWhiteListHandlerImpl:76 - 获取select sql信息 ：{qfy_cms_section=SelectSqlInfo{fromTableName='qfy_cms_section', fromSubSelect=null, aliasName='null', selectFields=[name, id], realSelectFields=[name, id], selectAll=false}} 
2024-02-03 11:23:09.412 [http-nio-8080-exec-5] INFO  o.j.c.f.S.impl.DictTableWhiteListHandlerImpl:76 - 获取select sql信息 ：{qfy_cms_section=SelectSqlInfo{fromTableName='qfy_cms_section', fromSubSelect=null, aliasName='null', selectFields=[name, id], realSelectFields=[name, id], selectAll=false}} 
2024-02-03 11:23:09.414 [http-nio-8080-exec-10] INFO  o.j.c.f.S.impl.DictTableWhiteListHandlerImpl:59 - 表字典白名单初始化完成：{sys_permission=id,name, sys_position=name,id, qfy_system_dict=item_text,item_name,item_value, onl_drag_comp=id,comp_name, qfy_check_item=name,id, qfy_family_member=name,id_card,id, qfy_check_template=name,id, sys_dict=dict_code, oa_officialdoc_organcode=id,organ_name, sys_fill_rule=rule_code, demo=id,name, qfy_cooperative_enterprises=name,id, design_form=id,desform_name,desform_code, qfy_cms_section=name_code,name,id, qfy_sys_organization=code,pcode,name,id, sys_depart=id,org_code,depart_name, sys_user=phone,id",id,email,realname,username, onl_cgreport_head=code, yn=name,id, qfy_family_base=family_number, sys_category=id,name, onl_cgform_head=table_txt,table_name, oa_wps_file=id,name, qfy_app_page_element=pid,id,title}
2024-02-03 11:23:09.414 [http-nio-8080-exec-5] INFO  o.j.c.f.S.impl.DictTableWhiteListHandlerImpl:59 - 表字典白名单初始化完成：{sys_permission=id,name, sys_position=name,id, qfy_system_dict=item_text,item_name,item_value, onl_drag_comp=id,comp_name, qfy_check_item=name,id, qfy_family_member=name,id_card,id, qfy_check_template=name,id, sys_dict=dict_code, oa_officialdoc_organcode=id,organ_name, sys_fill_rule=rule_code, demo=id,name, qfy_cooperative_enterprises=name,id, design_form=id,desform_name,desform_code, qfy_cms_section=name_code,name,id, qfy_sys_organization=code,pcode,name,id, sys_depart=id,org_code,depart_name, sys_user=phone,id",id,email,realname,username, onl_cgreport_head=code, yn=name,id, qfy_family_base=family_number, sys_category=id,name, onl_cgform_head=table_txt,table_name, oa_wps_file=id,name, qfy_app_page_element=pid,id,title}
2024-02-03 11:23:09.414 [http-nio-8080-exec-10] INFO  o.j.c.f.S.impl.DictTableWhiteListHandlerImpl:156 - checkWhiteList tableName: qfy_cms_section
2024-02-03 11:23:09.414 [http-nio-8080-exec-10] INFO  o.j.c.f.S.impl.DictTableWhiteListHandlerImpl:195 - 白名单校验：查询表"qfy_cms_section"，查询字段 [name, id] 通过校验
2024-02-03 11:23:09.414 [http-nio-8080-exec-5] INFO  o.j.c.f.S.impl.DictTableWhiteListHandlerImpl:156 - checkWhiteList tableName: qfy_cms_section
2024-02-03 11:23:09.414 [http-nio-8080-exec-10] INFO  o.j.c.util.security.AbstractQueryBlackListHandler:64 -   获取sql信息 ：[QueryTable{name='qfy_cms_section', alias='', fields=[name, id], all=false}] 
2024-02-03 11:23:09.414 [http-nio-8080-exec-5] INFO  o.j.c.f.S.impl.DictTableWhiteListHandlerImpl:195 - 白名单校验：查询表"qfy_cms_section"，查询字段 [name, id] 通过校验
2024-02-03 11:23:09.414 [http-nio-8080-exec-5] INFO  o.j.c.util.security.AbstractQueryBlackListHandler:64 -   获取sql信息 ：[QueryTable{name='qfy_cms_section', alias='', fields=[name, id], all=false}] 
2024-02-03 11:23:20.842 [http-nio-8080-exec-1] WARN  org.jeecg.common.system.query.QueryGenerator:245 - 检测到实体里没有字段createTime，改成采用ID排序！
2024-02-03 11:23:21.531 [http-nio-8080-exec-9] INFO  o.j.config.sign.interceptor.SignAuthInterceptor:36 - Sign Interceptor request URI = /qfy-boot-system/sys/dict/loadTreeData
2024-02-03 11:23:21.531 [http-nio-8080-exec-9] INFO  org.jeecg.config.sign.util.SignUtil:50 - Param paramsJsonStr : {"code":"id","condition":"","converIsLeafVal":"1","hasChildField":"has_child","pid":"0","pidField":"pid","tableName":"qfy_app_page_element","text":"title"}
2024-02-03 11:23:21.532 [http-nio-8080-exec-9] INFO  org.jeecg.config.sign.util.SignUtil:37 - Param Sign : 2D62CD3006638F48061CE44C5A56DA1A
2024-02-03 11:23:21.532 [http-nio-8080-exec-9] INFO  o.j.c.f.S.impl.DictTableWhiteListHandlerImpl:127 - 字典拼接的查询SQL：select title,id from qfy_app_page_element
2024-02-03 11:23:21.533 [http-nio-8080-exec-9] INFO  o.j.c.f.S.impl.DictTableWhiteListHandlerImpl:76 - 获取select sql信息 ：{qfy_app_page_element=SelectSqlInfo{fromTableName='qfy_app_page_element', fromSubSelect=null, aliasName='null', selectFields=[id, title], realSelectFields=[id, title], selectAll=false}} 
2024-02-03 11:23:21.536 [http-nio-8080-exec-9] INFO  o.j.c.f.S.impl.DictTableWhiteListHandlerImpl:59 - 表字典白名单初始化完成：{sys_permission=id,name, sys_position=name,id, qfy_system_dict=item_text,item_name,item_value, onl_drag_comp=id,comp_name, qfy_check_item=name,id, qfy_family_member=name,id_card,id, qfy_check_template=name,id, sys_dict=dict_code, oa_officialdoc_organcode=id,organ_name, sys_fill_rule=rule_code, demo=id,name, qfy_cooperative_enterprises=name,id, design_form=id,desform_name,desform_code, qfy_cms_section=name_code,name,id, qfy_sys_organization=code,pcode,name,id, sys_depart=id,org_code,depart_name, sys_user=phone,id",id,email,realname,username, onl_cgreport_head=code, yn=name,id, qfy_family_base=family_number, sys_category=id,name, onl_cgform_head=table_txt,table_name, oa_wps_file=id,name, qfy_app_page_element=pid,id,title}
2024-02-03 11:23:21.536 [http-nio-8080-exec-3] INFO  o.j.config.sign.interceptor.SignAuthInterceptor:36 - Sign Interceptor request URI = /qfy-boot-system/sys/dict/loadTreeData
2024-02-03 11:23:21.536 [http-nio-8080-exec-9] INFO  o.j.c.f.S.impl.DictTableWhiteListHandlerImpl:156 - checkWhiteList tableName: qfy_app_page_element
2024-02-03 11:23:21.536 [http-nio-8080-exec-9] INFO  o.j.c.f.S.impl.DictTableWhiteListHandlerImpl:195 - 白名单校验：查询表"qfy_app_page_element"，查询字段 [id, title] 通过校验
2024-02-03 11:23:21.536 [http-nio-8080-exec-3] INFO  org.jeecg.config.sign.util.SignUtil:50 - Param paramsJsonStr : {"code":"id","condition":"","converIsLeafVal":"1","hasChildField":"has_child","pid":"0","pidField":"pid","tableName":"qfy_app_page_element","text":"title"}
2024-02-03 11:23:21.537 [http-nio-8080-exec-3] INFO  org.jeecg.config.sign.util.SignUtil:37 - Param Sign : 2D62CD3006638F48061CE44C5A56DA1A
2024-02-03 11:23:21.537 [http-nio-8080-exec-9] INFO  o.j.c.util.security.AbstractQueryBlackListHandler:64 -   获取sql信息 ：[QueryTable{name='qfy_app_page_element', alias='', fields=[id, title], all=false}] 
2024-02-03 11:23:21.537 [http-nio-8080-exec-3] INFO  o.j.c.f.S.impl.DictTableWhiteListHandlerImpl:127 - 字典拼接的查询SQL：select title,id from qfy_app_page_element
2024-02-03 11:23:21.538 [http-nio-8080-exec-3] INFO  o.j.c.f.S.impl.DictTableWhiteListHandlerImpl:76 - 获取select sql信息 ：{qfy_app_page_element=SelectSqlInfo{fromTableName='qfy_app_page_element', fromSubSelect=null, aliasName='null', selectFields=[id, title], realSelectFields=[id, title], selectAll=false}} 
2024-02-03 11:23:21.541 [http-nio-8080-exec-3] INFO  o.j.c.f.S.impl.DictTableWhiteListHandlerImpl:59 - 表字典白名单初始化完成：{sys_permission=id,name, sys_position=name,id, qfy_system_dict=item_text,item_name,item_value, onl_drag_comp=id,comp_name, qfy_check_item=name,id, qfy_family_member=name,id_card,id, qfy_check_template=name,id, sys_dict=dict_code, oa_officialdoc_organcode=id,organ_name, sys_fill_rule=rule_code, demo=id,name, qfy_cooperative_enterprises=name,id, design_form=id,desform_name,desform_code, qfy_cms_section=name_code,name,id, qfy_sys_organization=code,pcode,name,id, sys_depart=id,org_code,depart_name, sys_user=phone,id",id,email,realname,username, onl_cgreport_head=code, yn=name,id, qfy_family_base=family_number, sys_category=id,name, onl_cgform_head=table_txt,table_name, oa_wps_file=id,name, qfy_app_page_element=pid,id,title}
2024-02-03 11:23:21.541 [http-nio-8080-exec-3] INFO  o.j.c.f.S.impl.DictTableWhiteListHandlerImpl:156 - checkWhiteList tableName: qfy_app_page_element
2024-02-03 11:23:21.541 [http-nio-8080-exec-3] INFO  o.j.c.f.S.impl.DictTableWhiteListHandlerImpl:195 - 白名单校验：查询表"qfy_app_page_element"，查询字段 [id, title] 通过校验
2024-02-03 11:23:21.542 [http-nio-8080-exec-3] INFO  o.j.c.util.security.AbstractQueryBlackListHandler:64 -   获取sql信息 ：[QueryTable{name='qfy_app_page_element', alias='', fields=[id, title], all=false}] 
2024-02-03 11:29:07.755 [http-nio-8080-exec-1] WARN  org.jeecg.common.system.query.QueryGenerator:245 - 检测到实体里没有字段createTime，改成采用ID排序！
2024-02-03 14:16:20.742 [http-nio-8080-exec-7] INFO  org.jeecg.config.AutoPoiDictConfig:76 - ---AutoPoi--Get_DB_Dict------[否_0, 是_1]
